

Microchip MPLAB XC8 Assembler V2.30 build 20200825195618 
                                                                                               Fri Oct 23 19:58:28 2020

Microchip MPLAB XC8 C Compiler v2.30 (Free license) build 20200825195618 Og1 
     1                           	processor	18F2550
     2                           	fnconf	rparam,??,?,0
     3                           	pagewidth 120
     4                           	opt	flic
     5                           	psect	cinit,global,reloc=2,class=CODE,delta=1
     6                           	psect	bssCOMRAM,global,class=COMRAM,space=1,delta=1,lowdata,noexec
     7                           	psect	cstackCOMRAM,global,class=COMRAM,space=1,delta=1,lowdata,noexec
     8                           	psect	text0,global,reloc=2,class=CODE,delta=1
     9                           	psect	text1,global,reloc=2,class=CODE,delta=1
    10                           	psect	intcode,global,reloc=2,class=CODE,delta=1
    11                           	psect	intcode_body,global,reloc=2,class=CODE,delta=1
    12                           	psect	intsave_regs,global,class=BIGRAM,space=1,delta=1,noexec
    13                           	psect	rparam,global,class=COMRAM,space=1,delta=1,noexec
    14                           	psect	temp,global,ovrld,common,class=COMRAM,space=1,delta=1
    15                           	psect	idloc,global,abs,ovrld,class=IDLOC,space=5,delta=1,noexec
    16                           	psect	config,global,abs,ovrld,class=CONFIG,space=4,delta=1,noexec
    17  0000                     
    18                           ; Version 2.20
    19                           ; Generated 12/02/2020 GMT
    20                           ; 
    21                           ; Copyright © 2020, Microchip Technology Inc. and its subsidiaries ("Microchip")
    22                           ; All rights reserved.
    23                           ; 
    24                           ; This software is developed by Microchip Technology Inc. and its subsidiaries ("Microch
      +                          ip").
    25                           ; 
    26                           ; Redistribution and use in source and binary forms, with or without modification, are
    27                           ; permitted provided that the following conditions are met:
    28                           ; 
    29                           ;     1. Redistributions of source code must retain the above copyright notice, this lis
      +                          t of
    30                           ;        conditions and the following disclaimer.
    31                           ; 
    32                           ;     2. Redistributions in binary form must reproduce the above copyright notice, this 
      +                          list
    33                           ;        of conditions and the following disclaimer in the documentation and/or other
    34                           ;        materials provided with the distribution.
    35                           ; 
    36                           ;     3. Microchip's name may not be used to endorse or promote products derived from th
      +                          is
    37                           ;        software without specific prior written permission.
    38                           ; 
    39                           ; THIS SOFTWARE IS PROVIDED BY MICROCHIP "AS IS" AND ANY EXPRESS OR IMPLIED WARRANTIES,
    40                           ; INCLUDING, BUT NOT LIMITED TO, THE IMPLIED WARRANTIES OF MERCHANTABILITY AND FITNESS F
      +                          OR
    41                           ; PURPOSE ARE DISCLAIMED.  IN NO EVENT SHALL MICROCHIP BE LIABLE FOR ANY DIRECT, INDIREC
      +                          T,
    42                           ; INCIDENTAL, SPECIAL, EXEMPLARY, OR CONSEQUENTIAL DAMAGES (INCLUDING BUT NOT LIMITED TO
    43                           ; PROCUREMENT OF SUBSTITUTE GOODS OR SERVICES; LOSS OF USE, DATA OR PROFITS; OR BUSINESS
    44                           ; INTERRUPTION) HOWSOEVER CAUSED AND ON ANY THEORY OF LIABILITY, WHETHER IN CONTRACT, ST
      +                          RICT
    45                           ; LIABILITY, OR TORT (INCLUDING NEGLIGENCE OR OTHERWISE) ARISING IN ANY WAY OUT OF THE U
      +                          SE OF
    46                           ; THIS SOFTWARE, EVEN IF ADVISED OF THE POSSIBILITY OF SUCH DAMAGE.
    47                           ; 
    48                           ; 
    49                           ; Code-generator required, PIC18F2550 Definitions
    50                           ; 
    51                           ; SFR Addresses
    52  0000                     _ADCON2bits	set	4032
    53  0000                     _ADCON0bits	set	4034
    54  0000                     _T0CONbits	set	4053
    55  0000                     _INTCONbits	set	4082
    56  0000                     _TMR0H	set	4055
    57  0000                     _TMR0L	set	4054
    58  0000                     _LATA	set	3977
    59  0000                     _TRISA	set	3986
    60  0000                     _TRISB	set	3987
    61                           
    62                           ; #config settings
    63                           
    64                           	psect	cinit
    65  00008A                     __pcinit:
    66                           	callstack 0
    67  00008A                     start_initialization:
    68                           	callstack 0
    69  00008A                     __initialization:
    70                           	callstack 0
    71                           
    72                           ; Clear objects allocated to COMRAM (10 bytes)
    73  00008A  EE00  F001         	lfsr	0,__pbssCOMRAM
    74  00008E  0E0A               	movlw	10
    75  000090                     clear_0:
    76  000090  6AEE               	clrf	postinc0,c
    77  000092  06E8               	decf	wreg,f,c
    78  000094  E1FD               	bnz	clear_0
    79  000096                     end_of_initialization:
    80                           	callstack 0
    81  000096                     __end_of__initialization:
    82                           	callstack 0
    83  000096  900B               	bcf	int$flags,0,c	;clear compiler interrupt flag (level 1)
    84  000098  920B               	bcf	int$flags,1,c	;clear compiler interrupt flag (level 2)
    85  00009A  0100               	movlb	0
    86  00009C  EF28  F000         	goto	_main	;jump to C main() function
    87                           
    88                           	psect	bssCOMRAM
    89  000001                     __pbssCOMRAM:
    90                           	callstack 0
    91  000001                     _por_adc:
    92                           	callstack 0
    93  000001                     	ds	4
    94  000005                     _DUTY_CALCULADO:
    95                           	callstack 0
    96  000005                     	ds	2
    97  000007                     _tmr:
    98                           	callstack 0
    99  000007                     	ds	2
   100  000009                     _value1:
   101                           	callstack 0
   102  000009                     	ds	2
   103                           
   104                           	psect	cstackCOMRAM
   105  000000                     __pcstackCOMRAM:
   106                           	callstack 0
   107  000000                     
   108                           ; 1 bytes @ 0x0
   109 ;;
   110 ;;Main: autosize = 0, tempsize = 0, incstack = 0, save=0
   111 ;;
   112 ;; *************** function _main *****************
   113 ;; Defined at:
   114 ;;		line 76 in file "SERV.c"
   115 ;; Parameters:    Size  Location     Type
   116 ;;		None
   117 ;; Auto vars:     Size  Location     Type
   118 ;;		None
   119 ;; Return value:  Size  Location     Type
   120 ;;                  1    wreg      void 
   121 ;; Registers used:
   122 ;;		wreg, status,2, cstack
   123 ;; Tracked objects:
   124 ;;		On entry : 0/0
   125 ;;		On exit  : 0/0
   126 ;;		Unchanged: 0/0
   127 ;; Data sizes:     COMRAM   BANK0   BANK1   BANK2   BANK3   BANK4   BANK5   BANK6   BANK7
   128 ;;      Params:         0       0       0       0       0       0       0       0       0
   129 ;;      Locals:         0       0       0       0       0       0       0       0       0
   130 ;;      Temps:          0       0       0       0       0       0       0       0       0
   131 ;;      Totals:         0       0       0       0       0       0       0       0       0
   132 ;;Total ram usage:        0 bytes
   133 ;; Hardware stack levels required when called:    2
   134 ;; This function calls:
   135 ;;		_Timer0_Init
   136 ;; This function is called by:
   137 ;;		Startup code after reset
   138 ;; This function uses a non-reentrant model
   139 ;;
   140                           
   141                           	psect	text0
   142  000050                     __ptext0:
   143                           	callstack 0
   144  000050                     _main:
   145                           	callstack 29
   146  000050                     
   147                           ;SERV.c: 77:     TRISB = 0xff;
   148  000050  6893               	setf	147,c	;volatile
   149  000052                     
   150                           ;SERV.c: 78:     TRISA = 0x00;
   151  000052  0E00               	movlw	0
   152  000054  6E92               	movwf	146,c	;volatile
   153                           
   154                           ;SERV.c: 79:     LATA = 0;
   155  000056  0E00               	movlw	0
   156  000058  6E89               	movwf	137,c	;volatile
   157                           
   158                           ;SERV.c: 80:     TMR0L = 0x2B;
   159  00005A  0E2B               	movlw	43
   160  00005C  6ED6               	movwf	214,c	;volatile
   161                           
   162                           ;SERV.c: 81:     TMR0H = 0xCF;
   163  00005E  0ECF               	movlw	207
   164  000060  6ED7               	movwf	215,c	;volatile
   165  000062                     
   166                           ;SERV.c: 82:     Timer0_Init();
   167  000062  EC37  F000         	call	_Timer0_Init	;wreg free
   168  000066                     l33:
   169  000066  EF33  F000         	goto	l33
   170  00006A  EF07  F000         	goto	start
   171  00006E                     __end_of_main:
   172                           	callstack 0
   173                           
   174 ;; *************** function _Timer0_Init *****************
   175 ;; Defined at:
   176 ;;		line 87 in file "SERV.c"
   177 ;; Parameters:    Size  Location     Type
   178 ;;		None
   179 ;; Auto vars:     Size  Location     Type
   180 ;;		None
   181 ;; Return value:  Size  Location     Type
   182 ;;                  1    wreg      void 
   183 ;; Registers used:
   184 ;;		wreg, status,2
   185 ;; Tracked objects:
   186 ;;		On entry : 0/0
   187 ;;		On exit  : 0/0
   188 ;;		Unchanged: 0/0
   189 ;; Data sizes:     COMRAM   BANK0   BANK1   BANK2   BANK3   BANK4   BANK5   BANK6   BANK7
   190 ;;      Params:         0       0       0       0       0       0       0       0       0
   191 ;;      Locals:         0       0       0       0       0       0       0       0       0
   192 ;;      Temps:          0       0       0       0       0       0       0       0       0
   193 ;;      Totals:         0       0       0       0       0       0       0       0       0
   194 ;;Total ram usage:        0 bytes
   195 ;; Hardware stack levels used:    1
   196 ;; Hardware stack levels required when called:    1
   197 ;; This function calls:
   198 ;;		Nothing
   199 ;; This function is called by:
   200 ;;		_main
   201 ;; This function uses a non-reentrant model
   202 ;;
   203                           
   204                           	psect	text1
   205  00006E                     __ptext1:
   206                           	callstack 0
   207  00006E                     _Timer0_Init:
   208                           	callstack 29
   209  00006E                     
   210                           ;SERV.c: 88:     INTCONbits.GIE = 0;
   211  00006E  9EF2               	bcf	242,7,c	;volatile
   212                           
   213                           ;SERV.c: 89:     T0CONbits.T0CS = 0;
   214  000070  9AD5               	bcf	213,5,c	;volatile
   215                           
   216                           ;SERV.c: 90:     T0CONbits.PSA = 0;
   217  000072  96D5               	bcf	213,3,c	;volatile
   218  000074                     
   219                           ;SERV.c: 91:     T0CONbits.T0PS = 0b010;
   220  000074  50D5               	movf	213,w,c	;volatile
   221  000076  0BF8               	andlw	-8
   222  000078  0902               	iorlw	2
   223  00007A  6ED5               	movwf	213,c	;volatile
   224  00007C                     
   225                           ;SERV.c: 92:     T0CONbits.T08BIT = 0;
   226  00007C  9CD5               	bcf	213,6,c	;volatile
   227  00007E                     
   228                           ;SERV.c: 93:     INTCONbits.TMR0IF = 0;
   229  00007E  94F2               	bcf	242,2,c	;volatile
   230  000080                     
   231                           ;SERV.c: 94:     INTCONbits.TMR0IE = 1;
   232  000080  8AF2               	bsf	242,5,c	;volatile
   233  000082                     
   234                           ;SERV.c: 95:     INTCONbits.PEIE = 1;
   235  000082  8CF2               	bsf	242,6,c	;volatile
   236  000084                     
   237                           ;SERV.c: 96:     INTCONbits.GIE = 1;
   238  000084  8EF2               	bsf	242,7,c	;volatile
   239  000086                     
   240                           ;SERV.c: 97:     T0CONbits.TMR0ON = 1;
   241  000086  8ED5               	bsf	213,7,c	;volatile
   242  000088  0012               	return		;funcret
   243  00008A                     __end_of_Timer0_Init:
   244                           	callstack 0
   245                           
   246 ;; *************** function _Timer_INT *****************
   247 ;; Defined at:
   248 ;;		line 100 in file "SERV.c"
   249 ;; Parameters:    Size  Location     Type
   250 ;;		None
   251 ;; Auto vars:     Size  Location     Type
   252 ;;		None
   253 ;; Return value:  Size  Location     Type
   254 ;;                  1    wreg      void 
   255 ;; Registers used:
   256 ;;		wreg, status,2
   257 ;; Tracked objects:
   258 ;;		On entry : 0/0
   259 ;;		On exit  : 0/0
   260 ;;		Unchanged: 0/0
   261 ;; Data sizes:     COMRAM   BANK0   BANK1   BANK2   BANK3   BANK4   BANK5   BANK6   BANK7
   262 ;;      Params:         0       0       0       0       0       0       0       0       0
   263 ;;      Locals:         0       0       0       0       0       0       0       0       0
   264 ;;      Temps:          0       0       0       0       0       0       0       0       0
   265 ;;      Totals:         0       0       0       0       0       0       0       0       0
   266 ;;Total ram usage:        0 bytes
   267 ;; Hardware stack levels used:    1
   268 ;; This function calls:
   269 ;;		Nothing
   270 ;; This function is called by:
   271 ;;		Interrupt level 2
   272 ;; This function uses a non-reentrant model
   273 ;;
   274                           
   275                           	psect	intcode
   276  000008                     __pintcode:
   277                           	callstack 0
   278  000008                     _Timer_INT:
   279                           	callstack 29
   280                           
   281                           ;incstack = 0
   282  000008  820B               	bsf	int$flags,1,c	;set compiler interrupt flag (level 2)
   283  00000A  ED09  F000         	call	int_func,f	;refresh shadow registers
   284                           
   285                           	psect	intcode_body
   286  000012                     __pintcode_body:
   287                           	callstack 29
   288  000012                     int_func:
   289                           	callstack 29
   290  000012  0006               	pop		; remove dummy address from shadow register refresh
   291  000014                     
   292                           ;SERV.c: 101:     ADCON0bits.ADON = 1;
   293  000014  80C2               	bsf	194,0,c	;volatile
   294  000016                     
   295                           ;SERV.c: 102:     ADCON0bits.CHS = 1;
   296  000016  50C2               	movf	194,w,c	;volatile
   297  000018  0BC3               	andlw	-61
   298  00001A  0904               	iorlw	4
   299  00001C  6EC2               	movwf	194,c	;volatile
   300                           
   301                           ;SERV.c: 103:     ADCON2bits.ACQT = 2;
   302  00001E  50C0               	movf	192,w,c	;volatile
   303  000020  0BC7               	andlw	-57
   304  000022  0910               	iorlw	16
   305  000024  6EC0               	movwf	192,c	;volatile
   306  000026                     
   307                           ;SERV.c: 104:     ADCON2bits.ADFM = 1;
   308  000026  8EC0               	bsf	192,7,c	;volatile
   309  000028                     i2l754:
   310                           
   311                           ;SERV.c: 106:         ADCON0bits.GO_DONE = 1;
   312  000028  82C2               	bsf	194,1,c	;volatile
   313  00002A                     i2l45:
   314  00002A  B2C2               	btfsc	194,1,c	;volatile
   315  00002C  EF1A  F000         	goto	i2u1_41
   316  000030  EF1C  F000         	goto	i2u1_40
   317  000034                     i2u1_41:
   318  000034  EF15  F000         	goto	i2l45
   319  000038                     i2u1_40:
   320  000038                     
   321                           ;SERV.c: 114:         DUTY_CALCULADO = 700;
   322  000038  0E02               	movlw	2
   323  00003A  6E06               	movwf	(_DUTY_CALCULADO+1)^0,c
   324  00003C  0EBC               	movlw	188
   325  00003E  6E05               	movwf	_DUTY_CALCULADO^0,c
   326  000040                     
   327                           ;SERV.c: 115:         TMR0L = DUTY_CALCULADO;
   328  000040  C005  FFD6         	movff	_DUTY_CALCULADO,4054	;volatile
   329                           
   330                           ;SERV.c: 116:         TMR0H = DUTY_CALCULADO>>8;
   331  000044  5006               	movf	(_DUTY_CALCULADO+1)^0,w,c
   332  000046  6ED7               	movwf	215,c	;volatile
   333  000048  EF14  F000         	goto	i2l754
   334  00004C  920B               	bcf	int$flags,1,c	;clear compiler interrupt flag (level 2)
   335  00004E  0011               	retfie		f
   336  000050                     __end_of_Timer_INT:
   337                           	callstack 0
   338  0000                     
   339                           	psect	rparam
   340  0000                     
   341                           	psect	temp
   342  00000B                     btemp:
   343                           	callstack 0
   344  00000B                     	ds	1
   345  0000                     int$flags	set	btemp
   346  0000                     wtemp8	set	btemp+1
   347  0000                     ttemp5	set	btemp+1
   348  0000                     ttemp6	set	btemp+4
   349  0000                     ttemp7	set	btemp+8
   350                           
   351                           	psect	idloc
   352                           
   353                           ;Config register IDLOC0 @ 0x200000
   354                           ;	unspecified, using default values
   355  200000                     	org	2097152
   356  200000  FF                 	db	255
   357                           
   358                           ;Config register IDLOC1 @ 0x200001
   359                           ;	unspecified, using default values
   360  200001                     	org	2097153
   361  200001  FF                 	db	255
   362                           
   363                           ;Config register IDLOC2 @ 0x200002
   364                           ;	unspecified, using default values
   365  200002                     	org	2097154
   366  200002  FF                 	db	255
   367                           
   368                           ;Config register IDLOC3 @ 0x200003
   369                           ;	unspecified, using default values
   370  200003                     	org	2097155
   371  200003  FF                 	db	255
   372                           
   373                           ;Config register IDLOC4 @ 0x200004
   374                           ;	unspecified, using default values
   375  200004                     	org	2097156
   376  200004  FF                 	db	255
   377                           
   378                           ;Config register IDLOC5 @ 0x200005
   379                           ;	unspecified, using default values
   380  200005                     	org	2097157
   381  200005  FF                 	db	255
   382                           
   383                           ;Config register IDLOC6 @ 0x200006
   384                           ;	unspecified, using default values
   385  200006                     	org	2097158
   386  200006  FF                 	db	255
   387                           
   388                           ;Config register IDLOC7 @ 0x200007
   389                           ;	unspecified, using default values
   390  200007                     	org	2097159
   391  200007  FF                 	db	255
   392                           
   393                           	psect	config
   394                           
   395                           ;Config register CONFIG1L @ 0x300000
   396                           ;	PLL Prescaler Selection bits
   397                           ;	PLLDIV = 1, No prescale (4 MHz oscillator input drives PLL directly)
   398                           ;	System Clock Postscaler Selection bits
   399                           ;	CPUDIV = OSC1_PLL2, [Primary Oscillator Src: /1][96 MHz PLL Src: /2]
   400                           ;	USB Clock Selection bit (used in Full-Speed USB mode only; UCFG:FSEN = 1)
   401                           ;	USBDIV = 1, USB clock source comes directly from the primary oscillator block with no 
      +                          postscale
   402  300000                     	org	3145728
   403  300000  00                 	db	0
   404                           
   405                           ;Config register CONFIG1H @ 0x300001
   406                           ;	Oscillator Selection bits
   407                           ;	FOSC = INTOSCIO_EC, Internal oscillator, port function on RA6, EC used by USB (INTIO)
   408                           ;	Fail-Safe Clock Monitor Enable bit
   409                           ;	FCMEN = OFF, Fail-Safe Clock Monitor disabled
   410                           ;	Internal/External Oscillator Switchover bit
   411                           ;	IESO = ON, Oscillator Switchover mode enabled
   412  300001                     	org	3145729
   413  300001  88                 	db	136
   414                           
   415                           ;Config register CONFIG2L @ 0x300002
   416                           ;	Power-up Timer Enable bit
   417                           ;	PWRT = ON, PWRT enabled
   418                           ;	Brown-out Reset Enable bits
   419                           ;	BOR = OFF, Brown-out Reset disabled in hardware and software
   420                           ;	Brown-out Reset Voltage bits
   421                           ;	BORV = 3, Minimum setting 2.05V
   422                           ;	USB Voltage Regulator Enable bit
   423                           ;	VREGEN = OFF, USB voltage regulator disabled
   424  300002                     	org	3145730
   425  300002  18                 	db	24
   426                           
   427                           ;Config register CONFIG2H @ 0x300003
   428                           ;	Watchdog Timer Enable bit
   429                           ;	WDT = OFF, WDT disabled (control is placed on the SWDTEN bit)
   430                           ;	Watchdog Timer Postscale Select bits
   431                           ;	WDTPS = 32768, 1:32768
   432  300003                     	org	3145731
   433  300003  1E                 	db	30
   434                           
   435                           ; Padding undefined space
   436  300004                     	org	3145732
   437  300004  FF                 	db	255
   438                           
   439                           ;Config register CONFIG3H @ 0x300005
   440                           ;	CCP2 MUX bit
   441                           ;	CCP2MX = ON, CCP2 input/output is multiplexed with RC1
   442                           ;	PORTB A/D Enable bit
   443                           ;	PBADEN = OFF, PORTB<4:0> pins are configured as digital I/O on Reset
   444                           ;	Low-Power Timer 1 Oscillator Enable bit
   445                           ;	LPT1OSC = OFF, Timer1 configured for higher power operation
   446                           ;	MCLR Pin Enable bit
   447                           ;	MCLRE = OFF, RE3 input pin enabled; MCLR pin disabled
   448  300005                     	org	3145733
   449  300005  01                 	db	1
   450                           
   451                           ;Config register CONFIG4L @ 0x300006
   452                           ;	Stack Full/Underflow Reset Enable bit
   453                           ;	STVREN = ON, Stack full/underflow will cause Reset
   454                           ;	Single-Supply ICSP Enable bit
   455                           ;	LVP = OFF, Single-Supply ICSP disabled
   456                           ;	Extended Instruction Set Enable bit
   457                           ;	XINST = OFF, Instruction set extension and Indexed Addressing mode disabled (Legacy mo
      +                          de)
   458                           ;	Background Debugger Enable bit
   459                           ;	DEBUG = 0x1, unprogrammed default
   460  300006                     	org	3145734
   461  300006  81                 	db	129
   462                           
   463                           ; Padding undefined space
   464  300007                     	org	3145735
   465  300007  FF                 	db	255
   466                           
   467                           ;Config register CONFIG5L @ 0x300008
   468                           ;	Code Protection bit
   469                           ;	CP0 = OFF, Block 0 (000800-001FFFh) is not code-protected
   470                           ;	Code Protection bit
   471                           ;	CP1 = OFF, Block 1 (002000-003FFFh) is not code-protected
   472                           ;	Code Protection bit
   473                           ;	CP2 = OFF, Block 2 (004000-005FFFh) is not code-protected
   474                           ;	Code Protection bit
   475                           ;	CP3 = OFF, Block 3 (006000-007FFFh) is not code-protected
   476  300008                     	org	3145736
   477  300008  0F                 	db	15
   478                           
   479                           ;Config register CONFIG5H @ 0x300009
   480                           ;	Boot Block Code Protection bit
   481                           ;	CPB = OFF, Boot block (000000-0007FFh) is not code-protected
   482                           ;	Data EEPROM Code Protection bit
   483                           ;	CPD = OFF, Data EEPROM is not code-protected
   484  300009                     	org	3145737
   485  300009  C0                 	db	192
   486                           
   487                           ;Config register CONFIG6L @ 0x30000A
   488                           ;	Write Protection bit
   489                           ;	WRT0 = OFF, Block 0 (000800-001FFFh) is not write-protected
   490                           ;	Write Protection bit
   491                           ;	WRT1 = OFF, Block 1 (002000-003FFFh) is not write-protected
   492                           ;	Write Protection bit
   493                           ;	WRT2 = OFF, Block 2 (004000-005FFFh) is not write-protected
   494                           ;	Write Protection bit
   495                           ;	WRT3 = OFF, Block 3 (006000-007FFFh) is not write-protected
   496  30000A                     	org	3145738
   497  30000A  0F                 	db	15
   498                           
   499                           ;Config register CONFIG6H @ 0x30000B
   500                           ;	Configuration Register Write Protection bit
   501                           ;	WRTC = OFF, Configuration registers (300000-3000FFh) are not write-protected
   502                           ;	Boot Block Write Protection bit
   503                           ;	WRTB = OFF, Boot block (000000-0007FFh) is not write-protected
   504                           ;	Data EEPROM Write Protection bit
   505                           ;	WRTD = OFF, Data EEPROM is not write-protected
   506  30000B                     	org	3145739
   507  30000B  E0                 	db	224
   508                           
   509                           ;Config register CONFIG7L @ 0x30000C
   510                           ;	Table Read Protection bit
   511                           ;	EBTR0 = OFF, Block 0 (000800-001FFFh) is not protected from table reads executed in ot
      +                          her blocks
   512                           ;	Table Read Protection bit
   513                           ;	EBTR1 = OFF, Block 1 (002000-003FFFh) is not protected from table reads executed in ot
      +                          her blocks
   514                           ;	Table Read Protection bit
   515                           ;	EBTR2 = OFF, Block 2 (004000-005FFFh) is not protected from table reads executed in ot
      +                          her blocks
   516                           ;	Table Read Protection bit
   517                           ;	EBTR3 = OFF, Block 3 (006000-007FFFh) is not protected from table reads executed in ot
      +                          her blocks
   518  30000C                     	org	3145740
   519  30000C  0F                 	db	15
   520                           
   521                           ;Config register CONFIG7H @ 0x30000D
   522                           ;	Boot Block Table Read Protection bit
   523                           ;	EBTRB = OFF, Boot block (000000-0007FFh) is not protected from table reads executed in
      +                           other blocks
   524  30000D                     	org	3145741
   525  30000D  40                 	db	64
   526                           tosu	equ	0xFFF
   527                           tosh	equ	0xFFE
   528                           tosl	equ	0xFFD
   529                           stkptr	equ	0xFFC
   530                           pclatu	equ	0xFFB
   531                           pclath	equ	0xFFA
   532                           pcl	equ	0xFF9
   533                           tblptru	equ	0xFF8
   534                           tblptrh	equ	0xFF7
   535                           tblptrl	equ	0xFF6
   536                           tablat	equ	0xFF5
   537                           prodh	equ	0xFF4
   538                           prodl	equ	0xFF3
   539                           indf0	equ	0xFEF
   540                           postinc0	equ	0xFEE
   541                           postdec0	equ	0xFED
   542                           preinc0	equ	0xFEC
   543                           plusw0	equ	0xFEB
   544                           fsr0h	equ	0xFEA
   545                           fsr0l	equ	0xFE9
   546                           wreg	equ	0xFE8
   547                           indf1	equ	0xFE7
   548                           postinc1	equ	0xFE6
   549                           postdec1	equ	0xFE5
   550                           preinc1	equ	0xFE4
   551                           plusw1	equ	0xFE3
   552                           fsr1h	equ	0xFE2
   553                           fsr1l	equ	0xFE1
   554                           bsr	equ	0xFE0
   555                           indf2	equ	0xFDF
   556                           postinc2	equ	0xFDE
   557                           postdec2	equ	0xFDD
   558                           preinc2	equ	0xFDC
   559                           plusw2	equ	0xFDB
   560                           fsr2h	equ	0xFDA
   561                           fsr2l	equ	0xFD9
   562                           status	equ	0xFD8

Data Sizes:
    Strings     0
    Constant    0
    Data        0
    BSS         10
    Persistent  0
    Stack       0

Auto Spaces:
    Space          Size  Autos    Used
    COMRAM           94      0      10
    BANK0           160      0       0
    BANK1           256      0       0
    BANK2           256      0       0
    BANK3           256      0       0
    BANK4           256      0       0
    BANK5           256      0       0
    BANK6           256      0       0
    BANK7           256      0       0

Pointer List with Targets:

    None.

Critical Paths under _main in COMRAM

    None.

Critical Paths under _Timer_INT in COMRAM

    None.

Critical Paths under _main in BANK0

    None.

Critical Paths under _Timer_INT in BANK0

    None.

Critical Paths under _main in BANK1

    None.

Critical Paths under _Timer_INT in BANK1

    None.

Critical Paths under _main in BANK2

    None.

Critical Paths under _Timer_INT in BANK2

    None.

Critical Paths under _main in BANK3

    None.

Critical Paths under _Timer_INT in BANK3

    None.

Critical Paths under _main in BANK4

    None.

Critical Paths under _Timer_INT in BANK4

    None.

Critical Paths under _main in BANK5

    None.

Critical Paths under _Timer_INT in BANK5

    None.

Critical Paths under _main in BANK6

    None.

Critical Paths under _Timer_INT in BANK6

    None.

Critical Paths under _main in BANK7

    None.

Critical Paths under _Timer_INT in BANK7

    None.

Call Graph Tables:

 ---------------------------------------------------------------------------------
 (Depth) Function   	        Calls       Base Space   Used Autos Params    Refs
 ---------------------------------------------------------------------------------
 (0) _main                                                 0     0      0       0
                        _Timer0_Init
 ---------------------------------------------------------------------------------
 (1) _Timer0_Init                                          0     0      0       0
 ---------------------------------------------------------------------------------
 Estimated maximum stack depth 1
 ---------------------------------------------------------------------------------
 (Depth) Function   	        Calls       Base Space   Used Autos Params    Refs
 ---------------------------------------------------------------------------------
 (2) _Timer_INT                                            0     0      0       0
 ---------------------------------------------------------------------------------
 Estimated maximum stack depth 2
 ---------------------------------------------------------------------------------

 Call Graph Graphs:

 _main (ROOT)
   _Timer0_Init

 _Timer_INT (ROOT)

 Address spaces:
Name               Size   Autos  Total    Cost      Usage
BIGRAM             7FF      0       0      21        0.0%
EEDATA             100      0       0       0        0.0%
BITBANK7           100      0       0      18        0.0%
BANK7              100      0       0      19        0.0%
BITBANK6           100      0       0      16        0.0%
BANK6              100      0       0      17        0.0%
BITBANK5           100      0       0      14        0.0%
BANK5              100      0       0      15        0.0%
BITBANK4           100      0       0      12        0.0%
BANK4              100      0       0      13        0.0%
BITBANK3           100      0       0      10        0.0%
BANK3              100      0       0      11        0.0%
BITBANK2           100      0       0       8        0.0%
BANK2              100      0       0       9        0.0%
BITBANK1           100      0       0       6        0.0%
BANK1              100      0       0       7        0.0%
BITBANK0            A0      0       0       4        0.0%
BANK0               A0      0       0       5        0.0%
BITCOMRAM           5E      0       0       0        0.0%
COMRAM              5E      0       A       1       10.6%
BITSFR               0      0       0     200        0.0%
SFR                  0      0       0     200        0.0%
STACK                0      0       0       2        0.0%
NULL                 0      0       0       0        0.0%
ABS                  0      0       A      20        0.0%
DATA                 0      0       A       3        0.0%
CODE                 0      0       0       0        0.0%


Microchip Technology PIC18 Macro Assembler V2.30 build 20200825195618 
Symbol Table                                                                                   Fri Oct 23 19:58:28 2020

                     l33 0066                       l34 0066                       l39 0088  
                    l730 007C                      l740 0086                      l732 007E  
                    l734 0080                      l726 006E                      l742 0050  
                    l736 0082                      l728 0074                      l744 0052  
                    l738 0084                      l746 0062                      _tmr 0007  
                    wreg 000FE8                     _LATA 000F89                     i2l45 002A  
                   _main 0050                     btemp 000B                     start 000E  
           ___param_bank 000000                    ?_main 0000                    i2l750 0016  
                  i2l752 0026                    i2l754 0028                    i2l756 0038  
                  i2l748 0014                    i2l758 0040                    _TMR0H 000FD7  
                  _TMR0L 000FD6                    _TRISA 000F92                    _TRISB 000F93  
                  ttemp5 000C                    ttemp6 000F                    ttemp7 0013  
                  wtemp8 000C          __initialization 008A             __end_of_main 006E  
                 ??_main 0000            __activetblptr 000000                   i2u1_40 0038  
                 i2u1_41 0034            ??_Timer0_Init 0000                   clear_0 0090  
                 _value1 0009       __size_of_Timer_INT 0048               __accesstop 0060  
__end_of__initialization 0096            ___rparam_used 000001           __pcstackCOMRAM 0000  
    __end_of_Timer0_Init 008A        __end_of_Timer_INT 0050                  __Hparam 0000  
            _Timer0_Init 006E                  __Lparam 0000                  __pcinit 008A  
                __ramtop 0800                  __ptext0 0050                  __ptext1 006E  
              _T0CONbits 000FD5           _DUTY_CALCULADO 0005                  _por_adc 0001  
         __pintcode_body 0012     end_of_initialization 0096                  int_func 0012  
                postinc0 000FEE      start_initialization 008A                _Timer_INT 0008  
            __pbssCOMRAM 0001             ?_Timer0_Init 0000               ?_Timer_INT 0000  
              __pintcode 0008               _ADCON0bits 000FC2               _ADCON2bits 000FC0  
               __Hrparam 0000                 __Lrparam 0000              ??_Timer_INT 0000  
          __size_of_main 001E     __size_of_Timer0_Init 001C                 int$flags 000B  
             _INTCONbits 000FF2                 intlevel2 0000  
